{
  "stats": {
    "suites": 12,
    "tests": 41,
    "passes": 21,
    "pending": 0,
    "failures": 20,
    "start": "2021-10-25T20:37:23.466Z",
    "end": "2021-10-25T20:39:01.707Z",
    "duration": 98241,
    "testsRegistered": 41,
    "passPercent": 51.21951219512195,
    "pendingPercent": 0,
    "other": 0,
    "hasOther": false,
    "skipped": 0,
    "hasSkipped": false
  },
  "results": [
    {
      "uuid": "d0f7dc68-03e0-4b9c-bbc7-92e7464e266c",
      "title": "",
      "fullFile": "cypress/integration/project.spec.js",
      "file": "cypress/integration/project.spec.js",
      "beforeHooks": [],
      "afterHooks": [],
      "tests": [],
      "suites": [
        {
          "uuid": "da544073-4406-45c6-858f-cb2f23abd4a5",
          "title": "1 - Adicione à página o título \"Paleta de Cores\".",
          "fullFile": "",
          "file": "",
          "beforeHooks": [],
          "afterHooks": [],
          "tests": [
            {
              "title": "Verifica se contém um elemento `h1` com o id `title` com o título correto",
              "fullTitle": "1 - Adicione à página o título \"Paleta de Cores\". Verifica se contém um elemento `h1` com o id `title` com o título correto",
              "timedOut": null,
              "duration": 300,
              "state": "passed",
              "speed": "slow",
              "pass": true,
              "fail": false,
              "pending": false,
              "context": null,
              "code": "cy.get('h1#title').should('contain.text', 'Paleta de Cores');",
              "err": {},
              "uuid": "29345a97-804d-47e2-ad13-a9107845ae4b",
              "parentUUID": "da544073-4406-45c6-858f-cb2f23abd4a5",
              "isHook": false,
              "skipped": false
            }
          ],
          "suites": [],
          "passes": [
            "29345a97-804d-47e2-ad13-a9107845ae4b"
          ],
          "failures": [],
          "pending": [],
          "skipped": [],
          "duration": 300,
          "root": false,
          "rootEmpty": false,
          "_timeout": 2000
        },
        {
          "uuid": "e2e4e6ef-3087-4427-9a3d-1b27c7193700",
          "title": "2 - Adicione à página uma paleta de quatro cores distintas.",
          "fullFile": "",
          "file": "",
          "beforeHooks": [],
          "afterHooks": [],
          "tests": [
            {
              "title": "A paleta de cores deve ser um elemento com `id` denominado `color-palette`",
              "fullTitle": "2 - Adicione à página uma paleta de quatro cores distintas. A paleta de cores deve ser um elemento com `id` denominado `color-palette`",
              "timedOut": null,
              "duration": 193,
              "state": "passed",
              "speed": "slow",
              "pass": true,
              "fail": false,
              "pending": false,
              "context": null,
              "code": "cy.get('#color-palette').should('be.visible');\ncy.get('#color-palette').children('.color');",
              "err": {},
              "uuid": "43133815-7522-4c73-a2e8-800af968b30a",
              "parentUUID": "e2e4e6ef-3087-4427-9a3d-1b27c7193700",
              "isHook": false,
              "skipped": false
            },
            {
              "title": "Verifica se cada cor individual da paleta de cores possui a `classe` chamada `color`.",
              "fullTitle": "2 - Adicione à página uma paleta de quatro cores distintas. Verifica se cada cor individual da paleta de cores possui a `classe` chamada `color`.",
              "timedOut": null,
              "duration": 203,
              "state": "passed",
              "speed": "slow",
              "pass": true,
              "fail": false,
              "pending": false,
              "context": null,
              "code": "cy.get('.color').should('have.length', 4).then(function (colors) {\n  for (var i = 0; i < colors.length; i++) {\n    cy.wrap(colors[i]).should('be.visible');\n  }\n});",
              "err": {},
              "uuid": "890c16fb-6944-4d7b-9d84-671d6cd68f66",
              "parentUUID": "e2e4e6ef-3087-4427-9a3d-1b27c7193700",
              "isHook": false,
              "skipped": false
            },
            {
              "title": "Verifica se a cor de fundo de cada elemento da paleta é a cor que o elemento representa. **A única cor não permitida na paleta é a cor branca.**",
              "fullTitle": "2 - Adicione à página uma paleta de quatro cores distintas. Verifica se a cor de fundo de cada elemento da paleta é a cor que o elemento representa. **A única cor não permitida na paleta é a cor branca.**",
              "timedOut": null,
              "duration": 229,
              "state": "passed",
              "speed": "slow",
              "pass": true,
              "fail": false,
              "pending": false,
              "context": null,
              "code": "cy.get('.color').each(function (color) {\n  cy.wrap(color).should('have.class', 'color').and('not.have.css', 'background-color', WHITE);\n  cy.wrap(color).should('have.css', 'background-color');\n});",
              "err": {},
              "uuid": "98920e13-09de-488b-86aa-2b32ae141b36",
              "parentUUID": "e2e4e6ef-3087-4427-9a3d-1b27c7193700",
              "isHook": false,
              "skipped": false
            },
            {
              "title": "Verifica se cada elemento da paleta de cores tem uma borda preta, sólida e com 1 pixel de largura;",
              "fullTitle": "2 - Adicione à página uma paleta de quatro cores distintas. Verifica se cada elemento da paleta de cores tem uma borda preta, sólida e com 1 pixel de largura;",
              "timedOut": null,
              "duration": 196,
              "state": "passed",
              "speed": "slow",
              "pass": true,
              "fail": false,
              "pending": false,
              "context": null,
              "code": "cy.get('.color').each(function (color) {\n  cy.wrap(color).and('have.css', 'border', \"1px solid \".concat(BLACK)).and('have.class', 'color');\n});",
              "err": {},
              "uuid": "e4c75f69-c3a7-45dc-ab33-5c3b4d74998a",
              "parentUUID": "e2e4e6ef-3087-4427-9a3d-1b27c7193700",
              "isHook": false,
              "skipped": false
            },
            {
              "title": "Verifica se a paleta lista todas as cores disponíveis para utilização, lado a lado.",
              "fullTitle": "2 - Adicione à página uma paleta de quatro cores distintas. Verifica se a paleta lista todas as cores disponíveis para utilização, lado a lado.",
              "timedOut": null,
              "duration": 168,
              "state": "passed",
              "speed": "slow",
              "pass": true,
              "fail": false,
              "pending": false,
              "context": null,
              "code": "cy.get('.color').then(function (colors) {\n  for (var index = 1; index < colors.length; index += 1) {\n    var currentColor = colors[index];\n    var previousColor = colors[index - 1];\n    cy.wrap(currentColor).should('be.onTheRightOf', previousColor).and('be.horizontallyAlignedWith', previousColor);\n  }\n});",
              "err": {},
              "uuid": "f64db858-46cd-4b4f-abbc-5b30499881a8",
              "parentUUID": "e2e4e6ef-3087-4427-9a3d-1b27c7193700",
              "isHook": false,
              "skipped": false
            },
            {
              "title": "Verifica se a paleta de cores está posicionada abaixo do título 'Paleta de Cores'",
              "fullTitle": "2 - Adicione à página uma paleta de quatro cores distintas. Verifica se a paleta de cores está posicionada abaixo do título 'Paleta de Cores'",
              "timedOut": null,
              "duration": 130,
              "state": "passed",
              "speed": "slow",
              "pass": true,
              "fail": false,
              "pending": false,
              "context": null,
              "code": "cy.get('h1#title').then(function (title) {\n  cy.get('#color-palette').should('be.belowOf', title);\n});",
              "err": {},
              "uuid": "388814d1-1555-4d1d-95ab-d2cc95dbb7df",
              "parentUUID": "e2e4e6ef-3087-4427-9a3d-1b27c7193700",
              "isHook": false,
              "skipped": false
            },
            {
              "title": "Verifica se a paleta de cores não contém cores repetidas.",
              "fullTitle": "2 - Adicione à página uma paleta de quatro cores distintas. Verifica se a paleta de cores não contém cores repetidas.",
              "timedOut": null,
              "duration": 148,
              "state": "passed",
              "speed": "slow",
              "pass": true,
              "fail": false,
              "pending": false,
              "context": null,
              "code": "cy.get('.color').then(function (colors) {\n  var allColors = Array.from(colors).map(function (color) {\n    return Cypress.$(color).css('background-color');\n  });\n  cy.log(allColors);\n  var uniqColors = (0, _toConsumableArray2[\"default\"])(new Set(allColors));\n  cy.log(uniqColors);\n  expect(allColors.length).to.eq(uniqColors.length);\n});",
              "err": {},
              "uuid": "c8290ebd-d25e-4ed7-96c6-8b6789f21326",
              "parentUUID": "e2e4e6ef-3087-4427-9a3d-1b27c7193700",
              "isHook": false,
              "skipped": false
            }
          ],
          "suites": [],
          "passes": [
            "43133815-7522-4c73-a2e8-800af968b30a",
            "890c16fb-6944-4d7b-9d84-671d6cd68f66",
            "98920e13-09de-488b-86aa-2b32ae141b36",
            "e4c75f69-c3a7-45dc-ab33-5c3b4d74998a",
            "f64db858-46cd-4b4f-abbc-5b30499881a8",
            "388814d1-1555-4d1d-95ab-d2cc95dbb7df",
            "c8290ebd-d25e-4ed7-96c6-8b6789f21326"
          ],
          "failures": [],
          "pending": [],
          "skipped": [],
          "duration": 1267,
          "root": false,
          "rootEmpty": false,
          "_timeout": 2000
        },
        {
          "uuid": "fd415f4f-ba21-4986-ab4a-3b042b4d546b",
          "title": "3 - Adicione a cor **preta** como a primeira cor da paleta de cores.",
          "fullFile": "",
          "file": "",
          "beforeHooks": [],
          "afterHooks": [],
          "tests": [
            {
              "title": "Verifica se a primeira cor da paleta é preta",
              "fullTitle": "3 - Adicione a cor **preta** como a primeira cor da paleta de cores. Verifica se a primeira cor da paleta é preta",
              "timedOut": null,
              "duration": 132,
              "state": "passed",
              "speed": "slow",
              "pass": true,
              "fail": false,
              "pending": false,
              "context": null,
              "code": "cy.get('.color').first().should('have.css', 'background-color', BLACK);",
              "err": {},
              "uuid": "97af546c-37a5-43a0-a34f-3ec4a26270d6",
              "parentUUID": "fd415f4f-ba21-4986-ab4a-3b042b4d546b",
              "isHook": false,
              "skipped": false
            },
            {
              "title": "Verifica se as demais cores podem ser escolhidas livremente.",
              "fullTitle": "3 - Adicione a cor **preta** como a primeira cor da paleta de cores. Verifica se as demais cores podem ser escolhidas livremente.",
              "timedOut": null,
              "duration": 292,
              "state": "passed",
              "speed": "slow",
              "pass": true,
              "fail": false,
              "pending": false,
              "context": null,
              "code": "cy.get('.color').eq(1).should('not.have.css', 'background-color', BLACK);\ncy.get('.color').eq(1).should('not.have.css', 'background-color', WHITE);\ncy.get('.color').eq(1).should('not.have.css', 'background-color', 'rgba(0, 0, 0, 0)');\ncy.get('.color').eq(1).should('have.css', 'background-color');\ncy.get('.color').eq(2).should('not.have.css', 'background-color', BLACK);\ncy.get('.color').eq(2).should('not.have.css', 'background-color', WHITE);\ncy.get('.color').eq(2).should('not.have.css', 'background-color', 'rgba(0, 0, 0, 0)');\ncy.get('.color').eq(2).should('have.css', 'background-color');\ncy.get('.color').eq(3).should('not.have.css', 'background-color', BLACK);\ncy.get('.color').eq(3).should('not.have.css', 'background-color', WHITE);\ncy.get('.color').eq(3).should('not.have.css', 'background-color', 'rgba(0, 0, 0, 0)');\ncy.get('.color').eq(3).should('have.css', 'background-color');",
              "err": {},
              "uuid": "e793d664-69c6-406f-9870-45b1116fd173",
              "parentUUID": "fd415f4f-ba21-4986-ab4a-3b042b4d546b",
              "isHook": false,
              "skipped": false
            }
          ],
          "suites": [],
          "passes": [
            "97af546c-37a5-43a0-a34f-3ec4a26270d6",
            "e793d664-69c6-406f-9870-45b1116fd173"
          ],
          "failures": [],
          "pending": [],
          "skipped": [],
          "duration": 424,
          "root": false,
          "rootEmpty": false,
          "_timeout": 2000
        },
        {
          "uuid": "b1af3976-e70d-41a5-ae42-f70f52275b47",
          "title": "4 - Adicione à página um quadro de pixels, com 25 pixels.",
          "fullFile": "",
          "file": "",
          "beforeHooks": [],
          "afterHooks": [],
          "tests": [
            {
              "title": "Verifica se o quadro de pixels possui o `id` denominado `pixel-board`",
              "fullTitle": "4 - Adicione à página um quadro de pixels, com 25 pixels. Verifica se o quadro de pixels possui o `id` denominado `pixel-board`",
              "timedOut": null,
              "duration": 164,
              "state": "passed",
              "speed": "slow",
              "pass": true,
              "fail": false,
              "pending": false,
              "context": null,
              "code": "cy.get('#pixel-board').should('be.visible');",
              "err": {},
              "uuid": "056746a7-a6d9-4cb6-9f02-90435cd42be2",
              "parentUUID": "b1af3976-e70d-41a5-ae42-f70f52275b47",
              "isHook": false,
              "skipped": false
            },
            {
              "title": "Verifica se cada pixel individual dentro do quadro possui a `classe` denominada `pixel`.",
              "fullTitle": "4 - Adicione à página um quadro de pixels, com 25 pixels. Verifica se cada pixel individual dentro do quadro possui a `classe` denominada `pixel`.",
              "timedOut": null,
              "duration": 160,
              "state": "passed",
              "speed": "slow",
              "pass": true,
              "fail": false,
              "pending": false,
              "context": null,
              "code": "cy.get('.pixel').should('have.length', 25);",
              "err": {},
              "uuid": "4b2796b9-e9e4-4ff7-8309-f865235f0362",
              "parentUUID": "b1af3976-e70d-41a5-ae42-f70f52275b47",
              "isHook": false,
              "skipped": false
            },
            {
              "title": "Verifica se a cor inicial dos pixels dentro do quadro, ao abrir a página, é branca.",
              "fullTitle": "4 - Adicione à página um quadro de pixels, com 25 pixels. Verifica se a cor inicial dos pixels dentro do quadro, ao abrir a página, é branca.",
              "timedOut": null,
              "duration": 253,
              "state": "passed",
              "speed": "slow",
              "pass": true,
              "fail": false,
              "pending": false,
              "context": null,
              "code": "cy.get('.pixel').should('have.length', 25).each(function (pixel) {\n  expect(pixel).to.have.css('background-color', WHITE);\n});",
              "err": {},
              "uuid": "69777e74-fcf8-4b69-8f07-1b1be4fe1f59",
              "parentUUID": "b1af3976-e70d-41a5-ae42-f70f52275b47",
              "isHook": false,
              "skipped": false
            },
            {
              "title": "Verifica se o quadro de pixels aparece abaixo da paleta de cores",
              "fullTitle": "4 - Adicione à página um quadro de pixels, com 25 pixels. Verifica se o quadro de pixels aparece abaixo da paleta de cores",
              "timedOut": null,
              "duration": 142,
              "state": "passed",
              "speed": "slow",
              "pass": true,
              "fail": false,
              "pending": false,
              "context": null,
              "code": "cy.get('#color-palette').then(function (palette) {\n  cy.get('#pixel-board').should('be.belowOf', palette);\n});",
              "err": {},
              "uuid": "44098735-d0ed-4a24-a194-a9db8db6d6e1",
              "parentUUID": "b1af3976-e70d-41a5-ae42-f70f52275b47",
              "isHook": false,
              "skipped": false
            }
          ],
          "suites": [],
          "passes": [
            "056746a7-a6d9-4cb6-9f02-90435cd42be2",
            "4b2796b9-e9e4-4ff7-8309-f865235f0362",
            "69777e74-fcf8-4b69-8f07-1b1be4fe1f59",
            "44098735-d0ed-4a24-a194-a9db8db6d6e1"
          ],
          "failures": [],
          "pending": [],
          "skipped": [],
          "duration": 719,
          "root": false,
          "rootEmpty": false,
          "_timeout": 2000
        },
        {
          "uuid": "8dd2e921-1c4b-4d8b-a9ec-e7ac625f6163",
          "title": "5 - Faça com que cada elemento do quadro de pixels possua 40 pixels de largura, 40 pixels de altura e seja delimitado por uma borda preta de 1 pixel.",
          "fullFile": "",
          "file": "",
          "beforeHooks": [],
          "afterHooks": [],
          "tests": [
            {
              "title": "Verifica se o quadro de pixels tem altura e comprimento de 5 elementos",
              "fullTitle": "5 - Faça com que cada elemento do quadro de pixels possua 40 pixels de largura, 40 pixels de altura e seja delimitado por uma borda preta de 1 pixel. Verifica se o quadro de pixels tem altura e comprimento de 5 elementos",
              "timedOut": null,
              "duration": 371,
              "state": "passed",
              "speed": "slow",
              "pass": true,
              "fail": false,
              "pending": false,
              "context": null,
              "code": "cy.get('.pixel').should('have.length', 25).each(function (pixel) {\n  expect(pixel).to.have.css('background-color', WHITE);\n}).and(function (pixels) {\n  var rows = chunk(pixels, 5);\n  rows.forEach(function (row) {\n    for (var index = 1; index < row.length; index += 1) {\n      var current = pixels[index];\n      var previous = pixels[index - 1];\n      cy.wrap(current).should('be.onTheRightOf', previous).and('be.horizontallyAlignedWith', previous);\n    }\n  });\n  for (var index = 1; index < 5; index += 1) {\n    expect(pixels[index * 5]).to.be.belowOf(pixels[(index - 1) * 5]);\n  }\n});",
              "err": {},
              "uuid": "6500d2a7-38d3-48df-8bb4-e677c36fd5e8",
              "parentUUID": "8dd2e921-1c4b-4d8b-a9ec-e7ac625f6163",
              "isHook": false,
              "skipped": false
            },
            {
              "title": "Verifica se 40 pixels é o tamanho total do elemento, incluindo seu conteúdo e excluindo a borda preta, que deve ser criada à parte.",
              "fullTitle": "5 - Faça com que cada elemento do quadro de pixels possua 40 pixels de largura, 40 pixels de altura e seja delimitado por uma borda preta de 1 pixel. Verifica se 40 pixels é o tamanho total do elemento, incluindo seu conteúdo e excluindo a borda preta, que deve ser criada à parte.",
              "timedOut": null,
              "duration": 383,
              "state": "passed",
              "speed": "slow",
              "pass": true,
              "fail": false,
              "pending": false,
              "context": null,
              "code": "cy.get('.pixel').each(function (pixel) {\n  cy.wrap(pixel).should('have.css', 'height', '40px').and('have.css', 'width', '40px').and('have.css', 'border', \"1px solid \".concat(BLACK));\n});",
              "err": {},
              "uuid": "95d58c5f-31c3-4b79-90dd-353ce60aeaa5",
              "parentUUID": "8dd2e921-1c4b-4d8b-a9ec-e7ac625f6163",
              "isHook": false,
              "skipped": false
            }
          ],
          "suites": [],
          "passes": [
            "6500d2a7-38d3-48df-8bb4-e677c36fd5e8",
            "95d58c5f-31c3-4b79-90dd-353ce60aeaa5"
          ],
          "failures": [],
          "pending": [],
          "skipped": [],
          "duration": 754,
          "root": false,
          "rootEmpty": false,
          "_timeout": 2000
        },
        {
          "uuid": "a2c9d788-2154-421e-849c-43fab4fdf72c",
          "title": "6 - Defina a cor preta como cor inicial. Ao carregar a página a cor preta já deve estar selecionada para pintar os pixels",
          "fullFile": "",
          "file": "",
          "beforeHooks": [],
          "afterHooks": [],
          "tests": [
            {
              "title": "Verifica se o elemento da cor preta possui, inicialmente, a `classe` `selected`",
              "fullTitle": "6 - Defina a cor preta como cor inicial. Ao carregar a página a cor preta já deve estar selecionada para pintar os pixels Verifica se o elemento da cor preta possui, inicialmente, a `classe` `selected`",
              "timedOut": null,
              "duration": 138,
              "state": "passed",
              "speed": "slow",
              "pass": true,
              "fail": false,
              "pending": false,
              "context": null,
              "code": "cy.get('.selected').first().should('have.css', 'background-color', BLACK);",
              "err": {},
              "uuid": "cf4e793f-0748-43ec-b400-22f94fac0047",
              "parentUUID": "a2c9d788-2154-421e-849c-43fab4fdf72c",
              "isHook": false,
              "skipped": false
            },
            {
              "title": "Verifica se nenhuma outra cor da paleta tem a `classe` `selected`",
              "fullTitle": "6 - Defina a cor preta como cor inicial. Ao carregar a página a cor preta já deve estar selecionada para pintar os pixels Verifica se nenhuma outra cor da paleta tem a `classe` `selected`",
              "timedOut": null,
              "duration": 112,
              "state": "passed",
              "speed": "slow",
              "pass": true,
              "fail": false,
              "pending": false,
              "context": null,
              "code": "cy.get('.color:not(:first-child)').each(function (color) {\n  cy.wrap(color).should('not.have.class', 'selected');\n});",
              "err": {},
              "uuid": "9c52fa31-3250-4340-a3ba-ebfe32172f56",
              "parentUUID": "a2c9d788-2154-421e-849c-43fab4fdf72c",
              "isHook": false,
              "skipped": false
            }
          ],
          "suites": [],
          "passes": [
            "cf4e793f-0748-43ec-b400-22f94fac0047",
            "9c52fa31-3250-4340-a3ba-ebfe32172f56"
          ],
          "failures": [],
          "pending": [],
          "skipped": [],
          "duration": 250,
          "root": false,
          "rootEmpty": false,
          "_timeout": 2000
        },
        {
          "uuid": "b9786c7e-b99b-46ff-b5ac-899e05cd0d6b",
          "title": "7 - Clicar em uma das cores da paleta, faz com que ela seja selecionada e utilizada para preencher os pixels no quadro.",
          "fullFile": "",
          "file": "",
          "beforeHooks": [],
          "afterHooks": [],
          "tests": [
            {
              "title": "Verifica se somente uma cor da paleta de cores tem a classe `selected` de cada vez",
              "fullTitle": "7 - Clicar em uma das cores da paleta, faz com que ela seja selecionada e utilizada para preencher os pixels no quadro. Verifica se somente uma cor da paleta de cores tem a classe `selected` de cada vez",
              "timedOut": null,
              "duration": 547,
              "state": "passed",
              "speed": "slow",
              "pass": true,
              "fail": false,
              "pending": false,
              "context": null,
              "code": "cy.get('.color').each(function (selectedColor, selectedColorIndex) {\n  cy.wrap(selectedColor).click();\n  cy.get('.color').each(function (color, colorIndex) {\n    if (colorIndex === selectedColorIndex) {\n      expect(color).to.have[\"class\"]('selected');\n    } else {\n      expect(color).not.to.have[\"class\"]('selected');\n    }\n  });\n});",
              "err": {},
              "uuid": "7b441d96-70ee-4481-a4d7-7d4ae69eec2f",
              "parentUUID": "b9786c7e-b99b-46ff-b5ac-899e05cd0d6b",
              "isHook": false,
              "skipped": false
            },
            {
              "title": "Verifica se os pixels dentro do quadro não têm a classe `selected` quando são clicados",
              "fullTitle": "7 - Clicar em uma das cores da paleta, faz com que ela seja selecionada e utilizada para preencher os pixels no quadro. Verifica se os pixels dentro do quadro não têm a classe `selected` quando são clicados",
              "timedOut": null,
              "duration": 9199,
              "state": "passed",
              "speed": "slow",
              "pass": true,
              "fail": false,
              "pending": false,
              "context": null,
              "code": "cy.get('.color').each(function (color) {\n  var backgroundColor = color.css('background-color');\n  cy.wrap(color).click();\n  cy.get('.pixel').each(function (pixel) {\n    cy.wrap(pixel).click().should('not.have.class', 'selected');\n  });\n});",
              "err": {},
              "uuid": "07fb2617-4f82-42d2-817b-3c8c31695865",
              "parentUUID": "b9786c7e-b99b-46ff-b5ac-899e05cd0d6b",
              "isHook": false,
              "skipped": false
            }
          ],
          "suites": [],
          "passes": [
            "7b441d96-70ee-4481-a4d7-7d4ae69eec2f",
            "07fb2617-4f82-42d2-817b-3c8c31695865"
          ],
          "failures": [],
          "pending": [],
          "skipped": [],
          "duration": 9746,
          "root": false,
          "rootEmpty": false,
          "_timeout": 2000
        },
        {
          "uuid": "084faf8b-3da5-4906-9a72-dda61ed6406a",
          "title": "8 - Clicar em um pixel dentro do quadro após selecionar uma cor na paleta, faz com que o pixel seja preenchido com a cor selecionada.",
          "fullFile": "",
          "file": "",
          "beforeHooks": [],
          "afterHooks": [],
          "tests": [
            {
              "title": "Verifica se ao carregar a página deve ser possível pintar os pixels de preto",
              "fullTitle": "8 - Clicar em um pixel dentro do quadro após selecionar uma cor na paleta, faz com que o pixel seja preenchido com a cor selecionada. Verifica se ao carregar a página deve ser possível pintar os pixels de preto",
              "timedOut": null,
              "duration": 4537,
              "state": "failed",
              "speed": null,
              "pass": false,
              "fail": true,
              "pending": false,
              "context": null,
              "code": "cy.get('.pixel').each(function (pixel) {\n  cy.wrap(pixel).click().should('have.css', 'background-color', BLACK);\n});",
              "err": {
                "message": "CypressError: Timed out retrying: expected '<div.pixel>' to have CSS property 'background-color' with the value 'rgb(0, 0, 0)', but the value was 'rgb(255, 255, 255)'",
                "estack": "CypressError: Timed out retrying: expected '<div.pixel>' to have CSS property 'background-color' with the value 'rgb(0, 0, 0)', but the value was 'rgb(255, 255, 255)'\n    at cypressErr (http://localhost:36047/__cypress/runner/cypress_runner.js:149934:9)\n    at throwErr (http://localhost:36047/__cypress/runner/cypress_runner.js:149867:11)\n    at Object.throwErrByPath (http://localhost:36047/__cypress/runner/cypress_runner.js:149915:3)\n    at retry (http://localhost:36047/__cypress/runner/cypress_runner.js:144197:19)\n    at onFailFn (http://localhost:36047/__cypress/runner/cypress_runner.js:132448:16)\n    at tryCatcher (http://localhost:36047/__cypress/runner/cypress_runner.js:167415:23)\n    at Promise._settlePromiseFromHandler (http://localhost:36047/__cypress/runner/cypress_runner.js:165351:31)\n    at Promise._settlePromise (http://localhost:36047/__cypress/runner/cypress_runner.js:165408:18)\n    at Promise._settlePromise0 (http://localhost:36047/__cypress/runner/cypress_runner.js:165453:10)\n    at Promise._settlePromises (http://localhost:36047/__cypress/runner/cypress_runner.js:165528:18)\n    at Async../node_modules/bluebird/js/release/async.js.Async._drainQueue (http://localhost:36047/__cypress/runner/cypress_runner.js:162140:16)\n    at Async../node_modules/bluebird/js/release/async.js.Async._drainQueues (http://localhost:36047/__cypress/runner/cypress_runner.js:162150:10)\n    at Async.drainQueues (http://localhost:36047/__cypress/runner/cypress_runner.js:162024:14)",
                "diff": null
              },
              "uuid": "79fef484-33aa-4ea3-9f13-fb5b68c31f81",
              "parentUUID": "084faf8b-3da5-4906-9a72-dda61ed6406a",
              "isHook": false,
              "skipped": false
            },
            {
              "title": "Verifica se após selecionar uma outra cor na paleta, é possível pintar os pixels com essa cor",
              "fullTitle": "8 - Clicar em um pixel dentro do quadro após selecionar uma cor na paleta, faz com que o pixel seja preenchido com a cor selecionada. Verifica se após selecionar uma outra cor na paleta, é possível pintar os pixels com essa cor",
              "timedOut": null,
              "duration": 4675,
              "state": "failed",
              "speed": null,
              "pass": false,
              "fail": true,
              "pending": false,
              "context": null,
              "code": "cy.get('.color').each(function (color) {\n  var backgroundColor = color.css('background-color');\n  cy.wrap(color).click();\n  cy.get('.pixel').each(function (pixel) {\n    cy.wrap(pixel).click().should('have.css', 'background-color', backgroundColor);\n  });\n});",
              "err": {
                "message": "CypressError: Timed out retrying: expected '<div.pixel>' to have CSS property 'background-color' with the value 'rgb(0, 0, 0)', but the value was 'rgb(255, 255, 255)'",
                "estack": "CypressError: Timed out retrying: expected '<div.pixel>' to have CSS property 'background-color' with the value 'rgb(0, 0, 0)', but the value was 'rgb(255, 255, 255)'\n    at cypressErr (http://localhost:36047/__cypress/runner/cypress_runner.js:149934:9)\n    at throwErr (http://localhost:36047/__cypress/runner/cypress_runner.js:149867:11)\n    at Object.throwErrByPath (http://localhost:36047/__cypress/runner/cypress_runner.js:149915:3)\n    at retry (http://localhost:36047/__cypress/runner/cypress_runner.js:144197:19)\n    at onFailFn (http://localhost:36047/__cypress/runner/cypress_runner.js:132448:16)\n    at tryCatcher (http://localhost:36047/__cypress/runner/cypress_runner.js:167415:23)\n    at Promise._settlePromiseFromHandler (http://localhost:36047/__cypress/runner/cypress_runner.js:165351:31)\n    at Promise._settlePromise (http://localhost:36047/__cypress/runner/cypress_runner.js:165408:18)\n    at Promise._settlePromise0 (http://localhost:36047/__cypress/runner/cypress_runner.js:165453:10)\n    at Promise._settlePromises (http://localhost:36047/__cypress/runner/cypress_runner.js:165528:18)\n    at Async../node_modules/bluebird/js/release/async.js.Async._drainQueue (http://localhost:36047/__cypress/runner/cypress_runner.js:162140:16)\n    at Async../node_modules/bluebird/js/release/async.js.Async._drainQueues (http://localhost:36047/__cypress/runner/cypress_runner.js:162150:10)\n    at Async.drainQueues (http://localhost:36047/__cypress/runner/cypress_runner.js:162024:14)",
                "diff": null
              },
              "uuid": "af70420e-6f6f-40bc-8c3f-81bd29dc153f",
              "parentUUID": "084faf8b-3da5-4906-9a72-dda61ed6406a",
              "isHook": false,
              "skipped": false
            },
            {
              "title": "Verifica se somente o pixel que foi clicado foi preenchido com a cor selecionada, sem influenciar na cor dos demais pixels.",
              "fullTitle": "8 - Clicar em um pixel dentro do quadro após selecionar uma cor na paleta, faz com que o pixel seja preenchido com a cor selecionada. Verifica se somente o pixel que foi clicado foi preenchido com a cor selecionada, sem influenciar na cor dos demais pixels.",
              "timedOut": null,
              "duration": 1919,
              "state": "passed",
              "speed": "slow",
              "pass": true,
              "fail": false,
              "pending": false,
              "context": null,
              "code": "var colorToPixelIndexMap = {\n  0: 6,\n  1: 8,\n  2: 16,\n  3: 18\n};\ncy.get('.color').each(function (color, index) {\n  cy.wrap(color).click();\n  var backgroundColor = color.css('background-color');\n  var clickedPixelIndex = colorToPixelIndexMap[index];\n  cy.get('.pixel').eq(clickedPixelIndex).click();\n  cy.get('.pixel').eq(clickedPixelIndex - 1).should('not.have.css', 'background-color', backgroundColor);\n  cy.get('.pixel').eq(clickedPixelIndex + 1).should('not.have.css', 'background-color', backgroundColor);\n  cy.get('.pixel').eq(clickedPixelIndex - 5).should('not.have.css', 'background-color', backgroundColor);\n  cy.get('.pixel').eq(clickedPixelIndex + 5).should('not.have.css', 'background-color', backgroundColor);\n  cy.get('.pixel').eq(clickedPixelIndex - 6).should('not.have.css', 'background-color', backgroundColor);\n  cy.get('.pixel').eq(clickedPixelIndex - 4).should('not.have.css', 'background-color', backgroundColor);\n  cy.get('.pixel').eq(clickedPixelIndex + 4).should('not.have.css', 'background-color', backgroundColor);\n  cy.get('.pixel').eq(clickedPixelIndex + 6).should('not.have.css', 'background-color', backgroundColor);\n});",
              "err": {},
              "uuid": "3c7bb3d8-2780-480d-a018-f0f4dbd8e1c5",
              "parentUUID": "084faf8b-3da5-4906-9a72-dda61ed6406a",
              "isHook": false,
              "skipped": false
            }
          ],
          "suites": [],
          "passes": [
            "3c7bb3d8-2780-480d-a018-f0f4dbd8e1c5"
          ],
          "failures": [
            "79fef484-33aa-4ea3-9f13-fb5b68c31f81",
            "af70420e-6f6f-40bc-8c3f-81bd29dc153f"
          ],
          "pending": [],
          "skipped": [],
          "duration": 11131,
          "root": false,
          "rootEmpty": false,
          "_timeout": 2000
        },
        {
          "uuid": "a3bb2903-04ea-4b3b-9561-77487e687024",
          "title": "9 - Crie um botão que, ao ser clicado, limpa o quadro preenchendo a cor de todos seus pixels com branco.",
          "fullFile": "",
          "file": "",
          "beforeHooks": [],
          "afterHooks": [],
          "tests": [
            {
              "title": "Verifica se o botão tem o `id` denominado `clear-board`",
              "fullTitle": "9 - Crie um botão que, ao ser clicado, limpa o quadro preenchendo a cor de todos seus pixels com branco. Verifica se o botão tem o `id` denominado `clear-board`",
              "timedOut": null,
              "duration": 4452,
              "state": "failed",
              "speed": null,
              "pass": false,
              "fail": true,
              "pending": false,
              "context": null,
              "code": "cy.get('#clear-board').should('be.visible');",
              "err": {
                "message": "CypressError: Timed out retrying: Expected to find element: '#clear-board', but never found it.",
                "estack": "CypressError: Timed out retrying: Expected to find element: '#clear-board', but never found it.\n    at cypressErr (http://localhost:36047/__cypress/runner/cypress_runner.js:149934:9)\n    at throwErr (http://localhost:36047/__cypress/runner/cypress_runner.js:149867:11)\n    at Object.throwErrByPath (http://localhost:36047/__cypress/runner/cypress_runner.js:149915:3)\n    at retry (http://localhost:36047/__cypress/runner/cypress_runner.js:144197:19)\n    at onFailFn (http://localhost:36047/__cypress/runner/cypress_runner.js:132448:16)\n    at tryCatcher (http://localhost:36047/__cypress/runner/cypress_runner.js:167415:23)\n    at Promise._settlePromiseFromHandler (http://localhost:36047/__cypress/runner/cypress_runner.js:165351:31)\n    at Promise._settlePromise (http://localhost:36047/__cypress/runner/cypress_runner.js:165408:18)\n    at Promise._settlePromise0 (http://localhost:36047/__cypress/runner/cypress_runner.js:165453:10)\n    at Promise._settlePromises (http://localhost:36047/__cypress/runner/cypress_runner.js:165528:18)\n    at Async../node_modules/bluebird/js/release/async.js.Async._drainQueue (http://localhost:36047/__cypress/runner/cypress_runner.js:162140:16)\n    at Async../node_modules/bluebird/js/release/async.js.Async._drainQueues (http://localhost:36047/__cypress/runner/cypress_runner.js:162150:10)\n    at Async.drainQueues (http://localhost:36047/__cypress/runner/cypress_runner.js:162024:14)",
                "diff": null
              },
              "uuid": "47ce373e-4f7b-4647-a2b6-c33c2b22bb7e",
              "parentUUID": "a3bb2903-04ea-4b3b-9561-77487e687024",
              "isHook": false,
              "skipped": false
            },
            {
              "title": "Verifica se o botão está posicionado entre a paleta de cores e o quadro de pixels",
              "fullTitle": "9 - Crie um botão que, ao ser clicado, limpa o quadro preenchendo a cor de todos seus pixels com branco. Verifica se o botão está posicionado entre a paleta de cores e o quadro de pixels",
              "timedOut": null,
              "duration": 4404,
              "state": "failed",
              "speed": null,
              "pass": false,
              "fail": true,
              "pending": false,
              "context": null,
              "code": "cy.get('#color-palette').then(function (palette) {\n  cy.get('#clear-board').should('be.belowOf', palette);\n});\ncy.get('#clear-board').then(function (clearBtn) {\n  cy.get('#pixel-board').should('be.belowOf', clearBtn);\n});",
              "err": {
                "message": "CypressError: Timed out retrying: Expected to find element: '#clear-board', but never found it.",
                "estack": "CypressError: Timed out retrying: Expected to find element: '#clear-board', but never found it.\n    at cypressErr (http://localhost:36047/__cypress/runner/cypress_runner.js:149934:9)\n    at throwErr (http://localhost:36047/__cypress/runner/cypress_runner.js:149867:11)\n    at Object.throwErrByPath (http://localhost:36047/__cypress/runner/cypress_runner.js:149915:3)\n    at retry (http://localhost:36047/__cypress/runner/cypress_runner.js:144197:19)\n    at onFailFn (http://localhost:36047/__cypress/runner/cypress_runner.js:132448:16)\n    at tryCatcher (http://localhost:36047/__cypress/runner/cypress_runner.js:167415:23)\n    at Promise._settlePromiseFromHandler (http://localhost:36047/__cypress/runner/cypress_runner.js:165351:31)\n    at Promise._settlePromise (http://localhost:36047/__cypress/runner/cypress_runner.js:165408:18)\n    at Promise._settlePromise0 (http://localhost:36047/__cypress/runner/cypress_runner.js:165453:10)\n    at Promise._settlePromises (http://localhost:36047/__cypress/runner/cypress_runner.js:165528:18)\n    at Async../node_modules/bluebird/js/release/async.js.Async._drainQueue (http://localhost:36047/__cypress/runner/cypress_runner.js:162140:16)\n    at Async../node_modules/bluebird/js/release/async.js.Async._drainQueues (http://localhost:36047/__cypress/runner/cypress_runner.js:162150:10)\n    at Async.drainQueues (http://localhost:36047/__cypress/runner/cypress_runner.js:162024:14)",
                "diff": null
              },
              "uuid": "641ef7d3-b0d4-45ad-b315-9cd121709fdb",
              "parentUUID": "a3bb2903-04ea-4b3b-9561-77487e687024",
              "isHook": false,
              "skipped": false
            },
            {
              "title": "Verifica se o texto do botão é 'Limpar'",
              "fullTitle": "9 - Crie um botão que, ao ser clicado, limpa o quadro preenchendo a cor de todos seus pixels com branco. Verifica se o texto do botão é 'Limpar'",
              "timedOut": null,
              "duration": 4451,
              "state": "failed",
              "speed": null,
              "pass": false,
              "fail": true,
              "pending": false,
              "context": null,
              "code": "cy.get('#clear-board').should('contain.text', 'Limpar');",
              "err": {
                "message": "CypressError: Timed out retrying: Expected to find element: '#clear-board', but never found it.",
                "estack": "CypressError: Timed out retrying: Expected to find element: '#clear-board', but never found it.\n    at cypressErr (http://localhost:36047/__cypress/runner/cypress_runner.js:149934:9)\n    at throwErr (http://localhost:36047/__cypress/runner/cypress_runner.js:149867:11)\n    at Object.throwErrByPath (http://localhost:36047/__cypress/runner/cypress_runner.js:149915:3)\n    at retry (http://localhost:36047/__cypress/runner/cypress_runner.js:144197:19)\n    at onFailFn (http://localhost:36047/__cypress/runner/cypress_runner.js:132448:16)\n    at tryCatcher (http://localhost:36047/__cypress/runner/cypress_runner.js:167415:23)\n    at Promise._settlePromiseFromHandler (http://localhost:36047/__cypress/runner/cypress_runner.js:165351:31)\n    at Promise._settlePromise (http://localhost:36047/__cypress/runner/cypress_runner.js:165408:18)\n    at Promise._settlePromise0 (http://localhost:36047/__cypress/runner/cypress_runner.js:165453:10)\n    at Promise._settlePromises (http://localhost:36047/__cypress/runner/cypress_runner.js:165528:18)\n    at Async../node_modules/bluebird/js/release/async.js.Async._drainQueue (http://localhost:36047/__cypress/runner/cypress_runner.js:162140:16)\n    at Async../node_modules/bluebird/js/release/async.js.Async._drainQueues (http://localhost:36047/__cypress/runner/cypress_runner.js:162150:10)\n    at Async.drainQueues (http://localhost:36047/__cypress/runner/cypress_runner.js:162024:14)",
                "diff": null
              },
              "uuid": "74a22f1d-6875-48a8-8d69-56daeaac7280",
              "parentUUID": "a3bb2903-04ea-4b3b-9561-77487e687024",
              "isHook": false,
              "skipped": false
            },
            {
              "title": "Verifica se ao clicar no botão, o quadro de pixels é totalmente preenchido de branco",
              "fullTitle": "9 - Crie um botão que, ao ser clicado, limpa o quadro preenchendo a cor de todos seus pixels com branco. Verifica se ao clicar no botão, o quadro de pixels é totalmente preenchido de branco",
              "timedOut": null,
              "duration": 4568,
              "state": "failed",
              "speed": null,
              "pass": false,
              "fail": true,
              "pending": false,
              "context": null,
              "code": "cy.get('.color').eq(1).then(function (color) {\n  var backgroundColor = color.css('background-color');\n  cy.wrap(color).click();\n  cy.get('.pixel').each(function (pixel) {\n    cy.wrap(pixel).click().should('have.css', 'background-color', backgroundColor);\n  });\n});\ncy.get('#clear-board').click();\ncy.get('.pixel').each(function (pixel) {\n  cy.wrap(pixel).should('have.css', 'background-color', WHITE);\n});",
              "err": {
                "message": "CypressError: Timed out retrying: expected '<div.pixel>' to have CSS property 'background-color' with the value 'rgb(0, 128, 0)', but the value was 'rgb(255, 255, 255)'",
                "estack": "CypressError: Timed out retrying: expected '<div.pixel>' to have CSS property 'background-color' with the value 'rgb(0, 128, 0)', but the value was 'rgb(255, 255, 255)'\n    at cypressErr (http://localhost:36047/__cypress/runner/cypress_runner.js:149934:9)\n    at throwErr (http://localhost:36047/__cypress/runner/cypress_runner.js:149867:11)\n    at Object.throwErrByPath (http://localhost:36047/__cypress/runner/cypress_runner.js:149915:3)\n    at retry (http://localhost:36047/__cypress/runner/cypress_runner.js:144197:19)\n    at onFailFn (http://localhost:36047/__cypress/runner/cypress_runner.js:132448:16)\n    at tryCatcher (http://localhost:36047/__cypress/runner/cypress_runner.js:167415:23)\n    at Promise._settlePromiseFromHandler (http://localhost:36047/__cypress/runner/cypress_runner.js:165351:31)\n    at Promise._settlePromise (http://localhost:36047/__cypress/runner/cypress_runner.js:165408:18)\n    at Promise._settlePromise0 (http://localhost:36047/__cypress/runner/cypress_runner.js:165453:10)\n    at Promise._settlePromises (http://localhost:36047/__cypress/runner/cypress_runner.js:165528:18)\n    at Async../node_modules/bluebird/js/release/async.js.Async._drainQueue (http://localhost:36047/__cypress/runner/cypress_runner.js:162140:16)\n    at Async../node_modules/bluebird/js/release/async.js.Async._drainQueues (http://localhost:36047/__cypress/runner/cypress_runner.js:162150:10)\n    at Async.drainQueues (http://localhost:36047/__cypress/runner/cypress_runner.js:162024:14)",
                "diff": null
              },
              "uuid": "40dc506e-6679-43de-b603-3064d87c36a1",
              "parentUUID": "a3bb2903-04ea-4b3b-9561-77487e687024",
              "isHook": false,
              "skipped": false
            }
          ],
          "suites": [],
          "passes": [],
          "failures": [
            "47ce373e-4f7b-4647-a2b6-c33c2b22bb7e",
            "641ef7d3-b0d4-45ad-b315-9cd121709fdb",
            "74a22f1d-6875-48a8-8d69-56daeaac7280",
            "40dc506e-6679-43de-b603-3064d87c36a1"
          ],
          "pending": [],
          "skipped": [],
          "duration": 17875,
          "root": false,
          "rootEmpty": false,
          "_timeout": 2000
        },
        {
          "uuid": "d57252fe-5486-4712-8a89-8c65db31b126",
          "title": "10 - Faça o quadro de pixels ter seu tamanho definido pelo usuário.",
          "fullFile": "",
          "file": "",
          "beforeHooks": [],
          "afterHooks": [],
          "tests": [
            {
              "title": "Verifica se existe um input com o id `board-size`",
              "fullTitle": "10 - Faça o quadro de pixels ter seu tamanho definido pelo usuário. Verifica se existe um input com o id `board-size`",
              "timedOut": null,
              "duration": 4468,
              "state": "failed",
              "speed": null,
              "pass": false,
              "fail": true,
              "pending": false,
              "context": null,
              "code": "cy.get('#board-size').should('be.visible');",
              "err": {
                "message": "CypressError: Timed out retrying: Expected to find element: '#board-size', but never found it.",
                "estack": "CypressError: Timed out retrying: Expected to find element: '#board-size', but never found it.\n    at cypressErr (http://localhost:36047/__cypress/runner/cypress_runner.js:149934:9)\n    at throwErr (http://localhost:36047/__cypress/runner/cypress_runner.js:149867:11)\n    at Object.throwErrByPath (http://localhost:36047/__cypress/runner/cypress_runner.js:149915:3)\n    at retry (http://localhost:36047/__cypress/runner/cypress_runner.js:144197:19)\n    at onFailFn (http://localhost:36047/__cypress/runner/cypress_runner.js:132448:16)\n    at tryCatcher (http://localhost:36047/__cypress/runner/cypress_runner.js:167415:23)\n    at Promise._settlePromiseFromHandler (http://localhost:36047/__cypress/runner/cypress_runner.js:165351:31)\n    at Promise._settlePromise (http://localhost:36047/__cypress/runner/cypress_runner.js:165408:18)\n    at Promise._settlePromise0 (http://localhost:36047/__cypress/runner/cypress_runner.js:165453:10)\n    at Promise._settlePromises (http://localhost:36047/__cypress/runner/cypress_runner.js:165528:18)\n    at Async../node_modules/bluebird/js/release/async.js.Async._drainQueue (http://localhost:36047/__cypress/runner/cypress_runner.js:162140:16)\n    at Async../node_modules/bluebird/js/release/async.js.Async._drainQueues (http://localhost:36047/__cypress/runner/cypress_runner.js:162150:10)\n    at Async.drainQueues (http://localhost:36047/__cypress/runner/cypress_runner.js:162024:14)",
                "diff": null
              },
              "uuid": "957c5147-1bee-4a3a-b47f-ae99da7d3825",
              "parentUUID": "d57252fe-5486-4712-8a89-8c65db31b126",
              "isHook": false,
              "skipped": false
            },
            {
              "title": "Verifica se existe um botão com o id `generate-board`",
              "fullTitle": "10 - Faça o quadro de pixels ter seu tamanho definido pelo usuário. Verifica se existe um botão com o id `generate-board`",
              "timedOut": null,
              "duration": 4461,
              "state": "failed",
              "speed": null,
              "pass": false,
              "fail": true,
              "pending": false,
              "context": null,
              "code": "cy.get('#generate-board').should('be.visible');",
              "err": {
                "message": "CypressError: Timed out retrying: Expected to find element: '#generate-board', but never found it.",
                "estack": "CypressError: Timed out retrying: Expected to find element: '#generate-board', but never found it.\n    at cypressErr (http://localhost:36047/__cypress/runner/cypress_runner.js:149934:9)\n    at throwErr (http://localhost:36047/__cypress/runner/cypress_runner.js:149867:11)\n    at Object.throwErrByPath (http://localhost:36047/__cypress/runner/cypress_runner.js:149915:3)\n    at retry (http://localhost:36047/__cypress/runner/cypress_runner.js:144197:19)\n    at onFailFn (http://localhost:36047/__cypress/runner/cypress_runner.js:132448:16)\n    at tryCatcher (http://localhost:36047/__cypress/runner/cypress_runner.js:167415:23)\n    at Promise._settlePromiseFromHandler (http://localhost:36047/__cypress/runner/cypress_runner.js:165351:31)\n    at Promise._settlePromise (http://localhost:36047/__cypress/runner/cypress_runner.js:165408:18)\n    at Promise._settlePromise0 (http://localhost:36047/__cypress/runner/cypress_runner.js:165453:10)\n    at Promise._settlePromises (http://localhost:36047/__cypress/runner/cypress_runner.js:165528:18)\n    at Async../node_modules/bluebird/js/release/async.js.Async._drainQueue (http://localhost:36047/__cypress/runner/cypress_runner.js:162140:16)\n    at Async../node_modules/bluebird/js/release/async.js.Async._drainQueues (http://localhost:36047/__cypress/runner/cypress_runner.js:162150:10)\n    at Async.drainQueues (http://localhost:36047/__cypress/runner/cypress_runner.js:162024:14)",
                "diff": null
              },
              "uuid": "4bbaee0c-a87c-4e4d-a0a7-0ce7f6277090",
              "parentUUID": "d57252fe-5486-4712-8a89-8c65db31b126",
              "isHook": false,
              "skipped": false
            },
            {
              "title": "Verifica se o input só aceita número maiores que zero. Essa restrição deve ser feita usando os atributos do elemento `input`",
              "fullTitle": "10 - Faça o quadro de pixels ter seu tamanho definido pelo usuário. Verifica se o input só aceita número maiores que zero. Essa restrição deve ser feita usando os atributos do elemento `input`",
              "timedOut": null,
              "duration": 4438,
              "state": "failed",
              "speed": null,
              "pass": false,
              "fail": true,
              "pending": false,
              "context": null,
              "code": "cy.get('#board-size[type=\\'number\\'][min=\\'1\\']');",
              "err": {
                "message": "CypressError: Timed out retrying: Expected to find element: '#board-size[type='number'][min='1']', but never found it.",
                "estack": "CypressError: Timed out retrying: Expected to find element: '#board-size[type='number'][min='1']', but never found it.\n    at cypressErr (http://localhost:36047/__cypress/runner/cypress_runner.js:149934:9)\n    at throwErr (http://localhost:36047/__cypress/runner/cypress_runner.js:149867:11)\n    at Object.throwErrByPath (http://localhost:36047/__cypress/runner/cypress_runner.js:149915:3)\n    at retry (http://localhost:36047/__cypress/runner/cypress_runner.js:144197:19)\n    at onFailFn (http://localhost:36047/__cypress/runner/cypress_runner.js:132448:16)\n    at tryCatcher (http://localhost:36047/__cypress/runner/cypress_runner.js:167415:23)\n    at Promise._settlePromiseFromHandler (http://localhost:36047/__cypress/runner/cypress_runner.js:165351:31)\n    at Promise._settlePromise (http://localhost:36047/__cypress/runner/cypress_runner.js:165408:18)\n    at Promise._settlePromise0 (http://localhost:36047/__cypress/runner/cypress_runner.js:165453:10)\n    at Promise._settlePromises (http://localhost:36047/__cypress/runner/cypress_runner.js:165528:18)\n    at Async../node_modules/bluebird/js/release/async.js.Async._drainQueue (http://localhost:36047/__cypress/runner/cypress_runner.js:162140:16)\n    at Async../node_modules/bluebird/js/release/async.js.Async._drainQueues (http://localhost:36047/__cypress/runner/cypress_runner.js:162150:10)\n    at Async.drainQueues (http://localhost:36047/__cypress/runner/cypress_runner.js:162024:14)",
                "diff": null
              },
              "uuid": "fdb0ba11-528b-472e-954a-89d6a1d4a602",
              "parentUUID": "d57252fe-5486-4712-8a89-8c65db31b126",
              "isHook": false,
              "skipped": false
            },
            {
              "title": "Verifica se o botão contém o texto 'VQV'",
              "fullTitle": "10 - Faça o quadro de pixels ter seu tamanho definido pelo usuário. Verifica se o botão contém o texto 'VQV'",
              "timedOut": null,
              "duration": 4455,
              "state": "failed",
              "speed": null,
              "pass": false,
              "fail": true,
              "pending": false,
              "context": null,
              "code": "cy.get('#generate-board').contains(/vqv/i);",
              "err": {
                "message": "CypressError: Timed out retrying: Expected to find element: '#generate-board', but never found it.",
                "estack": "CypressError: Timed out retrying: Expected to find element: '#generate-board', but never found it.\n    at cypressErr (http://localhost:36047/__cypress/runner/cypress_runner.js:149934:9)\n    at throwErr (http://localhost:36047/__cypress/runner/cypress_runner.js:149867:11)\n    at Object.throwErrByPath (http://localhost:36047/__cypress/runner/cypress_runner.js:149915:3)\n    at retry (http://localhost:36047/__cypress/runner/cypress_runner.js:144197:19)\n    at onFailFn (http://localhost:36047/__cypress/runner/cypress_runner.js:132448:16)\n    at tryCatcher (http://localhost:36047/__cypress/runner/cypress_runner.js:167415:23)\n    at Promise._settlePromiseFromHandler (http://localhost:36047/__cypress/runner/cypress_runner.js:165351:31)\n    at Promise._settlePromise (http://localhost:36047/__cypress/runner/cypress_runner.js:165408:18)\n    at Promise._settlePromise0 (http://localhost:36047/__cypress/runner/cypress_runner.js:165453:10)\n    at Promise._settlePromises (http://localhost:36047/__cypress/runner/cypress_runner.js:165528:18)\n    at Async../node_modules/bluebird/js/release/async.js.Async._drainQueue (http://localhost:36047/__cypress/runner/cypress_runner.js:162140:16)\n    at Async../node_modules/bluebird/js/release/async.js.Async._drainQueues (http://localhost:36047/__cypress/runner/cypress_runner.js:162150:10)\n    at Async.drainQueues (http://localhost:36047/__cypress/runner/cypress_runner.js:162024:14)",
                "diff": null
              },
              "uuid": "5d5abb9f-5623-452f-8a18-2c2c3faf64f8",
              "parentUUID": "d57252fe-5486-4712-8a89-8c65db31b126",
              "isHook": false,
              "skipped": false
            },
            {
              "title": "Verifica se o input está posicionado entre a paleta de cores e o quadro de pixels",
              "fullTitle": "10 - Faça o quadro de pixels ter seu tamanho definido pelo usuário. Verifica se o input está posicionado entre a paleta de cores e o quadro de pixels",
              "timedOut": null,
              "duration": 4449,
              "state": "failed",
              "speed": null,
              "pass": false,
              "fail": true,
              "pending": false,
              "context": null,
              "code": "cy.get('#color-palette').then(function (palette) {\n  cy.get('#board-size').should('be.belowOf', palette);\n});\ncy.get('#board-size').then(function (palette) {\n  cy.get('#pixel-board').should('be.belowOf', palette);\n});",
              "err": {
                "message": "CypressError: Timed out retrying: Expected to find element: '#board-size', but never found it.",
                "estack": "CypressError: Timed out retrying: Expected to find element: '#board-size', but never found it.\n    at cypressErr (http://localhost:36047/__cypress/runner/cypress_runner.js:149934:9)\n    at throwErr (http://localhost:36047/__cypress/runner/cypress_runner.js:149867:11)\n    at Object.throwErrByPath (http://localhost:36047/__cypress/runner/cypress_runner.js:149915:3)\n    at retry (http://localhost:36047/__cypress/runner/cypress_runner.js:144197:19)\n    at onFailFn (http://localhost:36047/__cypress/runner/cypress_runner.js:132448:16)\n    at tryCatcher (http://localhost:36047/__cypress/runner/cypress_runner.js:167415:23)\n    at Promise._settlePromiseFromHandler (http://localhost:36047/__cypress/runner/cypress_runner.js:165351:31)\n    at Promise._settlePromise (http://localhost:36047/__cypress/runner/cypress_runner.js:165408:18)\n    at Promise._settlePromise0 (http://localhost:36047/__cypress/runner/cypress_runner.js:165453:10)\n    at Promise._settlePromises (http://localhost:36047/__cypress/runner/cypress_runner.js:165528:18)\n    at Async../node_modules/bluebird/js/release/async.js.Async._drainQueue (http://localhost:36047/__cypress/runner/cypress_runner.js:162140:16)\n    at Async../node_modules/bluebird/js/release/async.js.Async._drainQueues (http://localhost:36047/__cypress/runner/cypress_runner.js:162150:10)\n    at Async.drainQueues (http://localhost:36047/__cypress/runner/cypress_runner.js:162024:14)",
                "diff": null
              },
              "uuid": "8489eeb9-714e-4ec0-9f39-570138902ef2",
              "parentUUID": "d57252fe-5486-4712-8a89-8c65db31b126",
              "isHook": false,
              "skipped": false
            },
            {
              "title": "Verifica se o botão está posicionado ao lado do input",
              "fullTitle": "10 - Faça o quadro de pixels ter seu tamanho definido pelo usuário. Verifica se o botão está posicionado ao lado do input",
              "timedOut": null,
              "duration": 4457,
              "state": "failed",
              "speed": null,
              "pass": false,
              "fail": true,
              "pending": false,
              "context": null,
              "code": "cy.get('#board-size').then(function (board) {\n  cy.get('#generate-board').should('be.onTheRightOf', board);\n});",
              "err": {
                "message": "CypressError: Timed out retrying: Expected to find element: '#board-size', but never found it.",
                "estack": "CypressError: Timed out retrying: Expected to find element: '#board-size', but never found it.\n    at cypressErr (http://localhost:36047/__cypress/runner/cypress_runner.js:149934:9)\n    at throwErr (http://localhost:36047/__cypress/runner/cypress_runner.js:149867:11)\n    at Object.throwErrByPath (http://localhost:36047/__cypress/runner/cypress_runner.js:149915:3)\n    at retry (http://localhost:36047/__cypress/runner/cypress_runner.js:144197:19)\n    at onFailFn (http://localhost:36047/__cypress/runner/cypress_runner.js:132448:16)\n    at tryCatcher (http://localhost:36047/__cypress/runner/cypress_runner.js:167415:23)\n    at Promise._settlePromiseFromHandler (http://localhost:36047/__cypress/runner/cypress_runner.js:165351:31)\n    at Promise._settlePromise (http://localhost:36047/__cypress/runner/cypress_runner.js:165408:18)\n    at Promise._settlePromise0 (http://localhost:36047/__cypress/runner/cypress_runner.js:165453:10)\n    at Promise._settlePromises (http://localhost:36047/__cypress/runner/cypress_runner.js:165528:18)\n    at Async../node_modules/bluebird/js/release/async.js.Async._drainQueue (http://localhost:36047/__cypress/runner/cypress_runner.js:162140:16)\n    at Async../node_modules/bluebird/js/release/async.js.Async._drainQueues (http://localhost:36047/__cypress/runner/cypress_runner.js:162150:10)\n    at Async.drainQueues (http://localhost:36047/__cypress/runner/cypress_runner.js:162024:14)",
                "diff": null
              },
              "uuid": "dd8813f5-af4e-47ac-b7eb-d8d74c03aa15",
              "parentUUID": "d57252fe-5486-4712-8a89-8c65db31b126",
              "isHook": false,
              "skipped": false
            },
            {
              "title": "Verifica se nenhum valor for colocado no input ao clicar no botão, um `alert` é exibido com o texto: 'Board inválido!'",
              "fullTitle": "10 - Faça o quadro de pixels ter seu tamanho definido pelo usuário. Verifica se nenhum valor for colocado no input ao clicar no botão, um `alert` é exibido com o texto: 'Board inválido!'",
              "timedOut": null,
              "duration": 4407,
              "state": "failed",
              "speed": null,
              "pass": false,
              "fail": true,
              "pending": false,
              "context": null,
              "code": "var alerted = false;\ncy.on('window:alert', function (msg) {\n  return alerted = msg;\n});\ncy.get('#generate-board').click().then(function () {\n  return expect(alerted).to.match(/Board inválido!/i);\n});",
              "err": {
                "message": "CypressError: Timed out retrying: Expected to find element: '#generate-board', but never found it.",
                "estack": "CypressError: Timed out retrying: Expected to find element: '#generate-board', but never found it.\n    at cypressErr (http://localhost:36047/__cypress/runner/cypress_runner.js:149934:9)\n    at throwErr (http://localhost:36047/__cypress/runner/cypress_runner.js:149867:11)\n    at Object.throwErrByPath (http://localhost:36047/__cypress/runner/cypress_runner.js:149915:3)\n    at retry (http://localhost:36047/__cypress/runner/cypress_runner.js:144197:19)\n    at onFailFn (http://localhost:36047/__cypress/runner/cypress_runner.js:132448:16)\n    at tryCatcher (http://localhost:36047/__cypress/runner/cypress_runner.js:167415:23)\n    at Promise._settlePromiseFromHandler (http://localhost:36047/__cypress/runner/cypress_runner.js:165351:31)\n    at Promise._settlePromise (http://localhost:36047/__cypress/runner/cypress_runner.js:165408:18)\n    at Promise._settlePromise0 (http://localhost:36047/__cypress/runner/cypress_runner.js:165453:10)\n    at Promise._settlePromises (http://localhost:36047/__cypress/runner/cypress_runner.js:165528:18)\n    at Async../node_modules/bluebird/js/release/async.js.Async._drainQueue (http://localhost:36047/__cypress/runner/cypress_runner.js:162140:16)\n    at Async../node_modules/bluebird/js/release/async.js.Async._drainQueues (http://localhost:36047/__cypress/runner/cypress_runner.js:162150:10)\n    at Async.drainQueues (http://localhost:36047/__cypress/runner/cypress_runner.js:162024:14)",
                "diff": null
              },
              "uuid": "59ff9ec8-e617-46da-9ac8-1f15c86c1f25",
              "parentUUID": "d57252fe-5486-4712-8a89-8c65db31b126",
              "isHook": false,
              "skipped": false
            },
            {
              "title": "Verifica se ao clicar no botão com um valor preenchido, o tamanho do board muda.",
              "fullTitle": "10 - Faça o quadro de pixels ter seu tamanho definido pelo usuário. Verifica se ao clicar no botão com um valor preenchido, o tamanho do board muda.",
              "timedOut": null,
              "duration": 4475,
              "state": "failed",
              "speed": null,
              "pass": false,
              "fail": true,
              "pending": false,
              "context": null,
              "code": "cy.get('#board-size').clear().type(10);\ncy.get('#generate-board').click();\ncy.get('.pixel').should('have.length', 100);",
              "err": {
                "message": "CypressError: Timed out retrying: Expected to find element: '#board-size', but never found it.",
                "estack": "CypressError: Timed out retrying: Expected to find element: '#board-size', but never found it.\n    at cypressErr (http://localhost:36047/__cypress/runner/cypress_runner.js:149934:9)\n    at throwErr (http://localhost:36047/__cypress/runner/cypress_runner.js:149867:11)\n    at Object.throwErrByPath (http://localhost:36047/__cypress/runner/cypress_runner.js:149915:3)\n    at retry (http://localhost:36047/__cypress/runner/cypress_runner.js:144197:19)\n    at onFailFn (http://localhost:36047/__cypress/runner/cypress_runner.js:132448:16)\n    at tryCatcher (http://localhost:36047/__cypress/runner/cypress_runner.js:167415:23)\n    at Promise._settlePromiseFromHandler (http://localhost:36047/__cypress/runner/cypress_runner.js:165351:31)\n    at Promise._settlePromise (http://localhost:36047/__cypress/runner/cypress_runner.js:165408:18)\n    at Promise._settlePromise0 (http://localhost:36047/__cypress/runner/cypress_runner.js:165453:10)\n    at Promise._settlePromises (http://localhost:36047/__cypress/runner/cypress_runner.js:165528:18)\n    at Async../node_modules/bluebird/js/release/async.js.Async._drainQueue (http://localhost:36047/__cypress/runner/cypress_runner.js:162140:16)\n    at Async../node_modules/bluebird/js/release/async.js.Async._drainQueues (http://localhost:36047/__cypress/runner/cypress_runner.js:162150:10)\n    at Async.drainQueues (http://localhost:36047/__cypress/runner/cypress_runner.js:162024:14)",
                "diff": null
              },
              "uuid": "6c6ef8ba-091d-4011-8259-4e9a0b37ba51",
              "parentUUID": "d57252fe-5486-4712-8a89-8c65db31b126",
              "isHook": false,
              "skipped": false
            },
            {
              "title": "Verifica se o novo quadro tem todos os pixels preenchidos com a cor branca",
              "fullTitle": "10 - Faça o quadro de pixels ter seu tamanho definido pelo usuário. Verifica se o novo quadro tem todos os pixels preenchidos com a cor branca",
              "timedOut": null,
              "duration": 4453,
              "state": "failed",
              "speed": null,
              "pass": false,
              "fail": true,
              "pending": false,
              "context": null,
              "code": "cy.get('#board-size').clear().type(6);\ncy.get('#generate-board').click();\ncy.get('.pixel').should('have.length', 36).each(function (pixel) {\n  expect(pixel).to.have.css('background-color', WHITE);\n});",
              "err": {
                "message": "CypressError: Timed out retrying: Expected to find element: '#board-size', but never found it.",
                "estack": "CypressError: Timed out retrying: Expected to find element: '#board-size', but never found it.\n    at cypressErr (http://localhost:36047/__cypress/runner/cypress_runner.js:149934:9)\n    at throwErr (http://localhost:36047/__cypress/runner/cypress_runner.js:149867:11)\n    at Object.throwErrByPath (http://localhost:36047/__cypress/runner/cypress_runner.js:149915:3)\n    at retry (http://localhost:36047/__cypress/runner/cypress_runner.js:144197:19)\n    at onFailFn (http://localhost:36047/__cypress/runner/cypress_runner.js:132448:16)\n    at tryCatcher (http://localhost:36047/__cypress/runner/cypress_runner.js:167415:23)\n    at Promise._settlePromiseFromHandler (http://localhost:36047/__cypress/runner/cypress_runner.js:165351:31)\n    at Promise._settlePromise (http://localhost:36047/__cypress/runner/cypress_runner.js:165408:18)\n    at Promise._settlePromise0 (http://localhost:36047/__cypress/runner/cypress_runner.js:165453:10)\n    at Promise._settlePromises (http://localhost:36047/__cypress/runner/cypress_runner.js:165528:18)\n    at Async../node_modules/bluebird/js/release/async.js.Async._drainQueue (http://localhost:36047/__cypress/runner/cypress_runner.js:162140:16)\n    at Async../node_modules/bluebird/js/release/async.js.Async._drainQueues (http://localhost:36047/__cypress/runner/cypress_runner.js:162150:10)\n    at Async.drainQueues (http://localhost:36047/__cypress/runner/cypress_runner.js:162024:14)",
                "diff": null
              },
              "uuid": "a1e6b14b-0a97-4df4-a8a0-eaa6914eae2e",
              "parentUUID": "d57252fe-5486-4712-8a89-8c65db31b126",
              "isHook": false,
              "skipped": false
            }
          ],
          "suites": [],
          "passes": [],
          "failures": [
            "957c5147-1bee-4a3a-b47f-ae99da7d3825",
            "4bbaee0c-a87c-4e4d-a0a7-0ce7f6277090",
            "fdb0ba11-528b-472e-954a-89d6a1d4a602",
            "5d5abb9f-5623-452f-8a18-2c2c3faf64f8",
            "8489eeb9-714e-4ec0-9f39-570138902ef2",
            "dd8813f5-af4e-47ac-b7eb-d8d74c03aa15",
            "59ff9ec8-e617-46da-9ac8-1f15c86c1f25",
            "6c6ef8ba-091d-4011-8259-4e9a0b37ba51",
            "a1e6b14b-0a97-4df4-a8a0-eaa6914eae2e"
          ],
          "pending": [],
          "skipped": [],
          "duration": 40063,
          "root": false,
          "rootEmpty": false,
          "_timeout": 2000
        },
        {
          "uuid": "de5d6059-e3f9-49ba-9a0a-b86335decb1b",
          "title": "11 - Limite o tamanho mínimo e máximo do board.",
          "fullFile": "",
          "file": "",
          "beforeHooks": [],
          "afterHooks": [],
          "tests": [
            {
              "title": "Verifica se a altura máxima do board é 50",
              "fullTitle": "11 - Limite o tamanho mínimo e máximo do board. Verifica se a altura máxima do board é 50",
              "timedOut": null,
              "duration": 4473,
              "state": "failed",
              "speed": null,
              "pass": false,
              "fail": true,
              "pending": false,
              "context": null,
              "code": "cy.get('#board-size').clear().type(50);\ncy.get('#generate-board').click();\ncy.get('.pixel').should('have.length', 2500);",
              "err": {
                "message": "CypressError: Timed out retrying: Expected to find element: '#board-size', but never found it.",
                "estack": "CypressError: Timed out retrying: Expected to find element: '#board-size', but never found it.\n    at cypressErr (http://localhost:36047/__cypress/runner/cypress_runner.js:149934:9)\n    at throwErr (http://localhost:36047/__cypress/runner/cypress_runner.js:149867:11)\n    at Object.throwErrByPath (http://localhost:36047/__cypress/runner/cypress_runner.js:149915:3)\n    at retry (http://localhost:36047/__cypress/runner/cypress_runner.js:144197:19)\n    at onFailFn (http://localhost:36047/__cypress/runner/cypress_runner.js:132448:16)\n    at tryCatcher (http://localhost:36047/__cypress/runner/cypress_runner.js:167415:23)\n    at Promise._settlePromiseFromHandler (http://localhost:36047/__cypress/runner/cypress_runner.js:165351:31)\n    at Promise._settlePromise (http://localhost:36047/__cypress/runner/cypress_runner.js:165408:18)\n    at Promise._settlePromise0 (http://localhost:36047/__cypress/runner/cypress_runner.js:165453:10)\n    at Promise._settlePromises (http://localhost:36047/__cypress/runner/cypress_runner.js:165528:18)\n    at Async../node_modules/bluebird/js/release/async.js.Async._drainQueue (http://localhost:36047/__cypress/runner/cypress_runner.js:162140:16)\n    at Async../node_modules/bluebird/js/release/async.js.Async._drainQueues (http://localhost:36047/__cypress/runner/cypress_runner.js:162150:10)\n    at Async.drainQueues (http://localhost:36047/__cypress/runner/cypress_runner.js:162024:14)",
                "diff": null
              },
              "uuid": "6dbfa636-c91a-471c-a0ec-04b992e49ad9",
              "parentUUID": "de5d6059-e3f9-49ba-9a0a-b86335decb1b",
              "isHook": false,
              "skipped": false
            },
            {
              "title": "Verifica se a altura do board é 5 quando um valor menor é colocado no input",
              "fullTitle": "11 - Limite o tamanho mínimo e máximo do board. Verifica se a altura do board é 5 quando um valor menor é colocado no input",
              "timedOut": null,
              "duration": 4442,
              "state": "failed",
              "speed": null,
              "pass": false,
              "fail": true,
              "pending": false,
              "context": null,
              "code": "cy.get('#board-size').clear().type(4);\ncy.get('#generate-board').click();\ncy.get('.pixel').should('have.length', 25);",
              "err": {
                "message": "CypressError: Timed out retrying: Expected to find element: '#board-size', but never found it.",
                "estack": "CypressError: Timed out retrying: Expected to find element: '#board-size', but never found it.\n    at cypressErr (http://localhost:36047/__cypress/runner/cypress_runner.js:149934:9)\n    at throwErr (http://localhost:36047/__cypress/runner/cypress_runner.js:149867:11)\n    at Object.throwErrByPath (http://localhost:36047/__cypress/runner/cypress_runner.js:149915:3)\n    at retry (http://localhost:36047/__cypress/runner/cypress_runner.js:144197:19)\n    at onFailFn (http://localhost:36047/__cypress/runner/cypress_runner.js:132448:16)\n    at tryCatcher (http://localhost:36047/__cypress/runner/cypress_runner.js:167415:23)\n    at Promise._settlePromiseFromHandler (http://localhost:36047/__cypress/runner/cypress_runner.js:165351:31)\n    at Promise._settlePromise (http://localhost:36047/__cypress/runner/cypress_runner.js:165408:18)\n    at Promise._settlePromise0 (http://localhost:36047/__cypress/runner/cypress_runner.js:165453:10)\n    at Promise._settlePromises (http://localhost:36047/__cypress/runner/cypress_runner.js:165528:18)\n    at Async../node_modules/bluebird/js/release/async.js.Async._drainQueue (http://localhost:36047/__cypress/runner/cypress_runner.js:162140:16)\n    at Async../node_modules/bluebird/js/release/async.js.Async._drainQueues (http://localhost:36047/__cypress/runner/cypress_runner.js:162150:10)\n    at Async.drainQueues (http://localhost:36047/__cypress/runner/cypress_runner.js:162024:14)",
                "diff": null
              },
              "uuid": "f7dca752-55d8-448a-890a-ec3cdca87d68",
              "parentUUID": "de5d6059-e3f9-49ba-9a0a-b86335decb1b",
              "isHook": false,
              "skipped": false
            },
            {
              "title": "Verifica se a altura do board é 50 quando um valor maior é colocado no input",
              "fullTitle": "11 - Limite o tamanho mínimo e máximo do board. Verifica se a altura do board é 50 quando um valor maior é colocado no input",
              "timedOut": null,
              "duration": 4464,
              "state": "failed",
              "speed": null,
              "pass": false,
              "fail": true,
              "pending": false,
              "context": null,
              "code": "cy.get('#board-size').clear().type(51);\ncy.get('#generate-board').click();\ncy.get('.pixel').should('have.length', 2500);",
              "err": {
                "message": "CypressError: Timed out retrying: Expected to find element: '#board-size', but never found it.",
                "estack": "CypressError: Timed out retrying: Expected to find element: '#board-size', but never found it.\n    at cypressErr (http://localhost:36047/__cypress/runner/cypress_runner.js:149934:9)\n    at throwErr (http://localhost:36047/__cypress/runner/cypress_runner.js:149867:11)\n    at Object.throwErrByPath (http://localhost:36047/__cypress/runner/cypress_runner.js:149915:3)\n    at retry (http://localhost:36047/__cypress/runner/cypress_runner.js:144197:19)\n    at onFailFn (http://localhost:36047/__cypress/runner/cypress_runner.js:132448:16)\n    at tryCatcher (http://localhost:36047/__cypress/runner/cypress_runner.js:167415:23)\n    at Promise._settlePromiseFromHandler (http://localhost:36047/__cypress/runner/cypress_runner.js:165351:31)\n    at Promise._settlePromise (http://localhost:36047/__cypress/runner/cypress_runner.js:165408:18)\n    at Promise._settlePromise0 (http://localhost:36047/__cypress/runner/cypress_runner.js:165453:10)\n    at Promise._settlePromises (http://localhost:36047/__cypress/runner/cypress_runner.js:165528:18)\n    at Async../node_modules/bluebird/js/release/async.js.Async._drainQueue (http://localhost:36047/__cypress/runner/cypress_runner.js:162140:16)\n    at Async../node_modules/bluebird/js/release/async.js.Async._drainQueues (http://localhost:36047/__cypress/runner/cypress_runner.js:162150:10)\n    at Async.drainQueues (http://localhost:36047/__cypress/runner/cypress_runner.js:162024:14)",
                "diff": null
              },
              "uuid": "da0de362-b85f-4050-9db0-033dfccd3187",
              "parentUUID": "de5d6059-e3f9-49ba-9a0a-b86335decb1b",
              "isHook": false,
              "skipped": false
            }
          ],
          "suites": [],
          "passes": [],
          "failures": [
            "6dbfa636-c91a-471c-a0ec-04b992e49ad9",
            "f7dca752-55d8-448a-890a-ec3cdca87d68",
            "da0de362-b85f-4050-9db0-033dfccd3187"
          ],
          "pending": [],
          "skipped": [],
          "duration": 13379,
          "root": false,
          "rootEmpty": false,
          "_timeout": 2000
        },
        {
          "uuid": "031b01f7-5d33-45ab-9126-1e4604591d5c",
          "title": "12 - Faça com que as cores da paleta sejam geradas aleatoriamente ao carregar a página.",
          "fullFile": "",
          "file": "",
          "beforeHooks": [],
          "afterHooks": [],
          "tests": [
            {
              "title": "Verifica se as cores geradas na paleta são diferentes a cada carregamento da página",
              "fullTitle": "12 - Faça com que as cores da paleta sejam geradas aleatoriamente ao carregar a página. Verifica se as cores geradas na paleta são diferentes a cada carregamento da página",
              "timedOut": null,
              "duration": 600,
              "state": "failed",
              "speed": null,
              "pass": false,
              "fail": true,
              "pending": false,
              "context": null,
              "code": "cy.get('.color').then(function (colors) {\n  var currentColors;\n  var previousColors;\n  previousColors = Array.from(colors).map(function (color) {\n    return Cypress.$(color).css('background-color');\n  });\n  for (var i = 0; i < 5; i += 1) {\n    cy.reload();\n    cy.get('.color').then(function (colors) {\n      currentColors = Array.from(colors).map(function (color) {\n        return Cypress.$(color).css('background-color');\n      });\n      expect(currentColors).not.to.deep.equal(previousColors);\n      previousColors = currentColors;\n    });\n  }\n});",
              "err": {
                "message": "AssertionError: expected [ Array(4) ] to not deeply equal [ Array(4) ]",
                "estack": "AssertionError: expected [ Array(4) ] to not deeply equal [ Array(4) ]\n    at getRet (http://localhost:36047/__cypress/runner/cypress_runner.js:136585:16)\n    at tryCatcher (http://localhost:36047/__cypress/runner/cypress_runner.js:167415:23)\n    at Function.Promise.attempt.Promise.try (http://localhost:36047/__cypress/runner/cypress_runner.js:164690:29)\n    at Context.thenFn (http://localhost:36047/__cypress/runner/cypress_runner.js:136599:23)\n    at Context.then (http://localhost:36047/__cypress/runner/cypress_runner.js:136971:21)\n    at Context.<anonymous> (http://localhost:36047/__cypress/runner/cypress_runner.js:148875:21)\n    at http://localhost:36047/__cypress/runner/cypress_runner.js:148351:33\n    at tryCatcher (http://localhost:36047/__cypress/runner/cypress_runner.js:167415:23)\n    at Promise._settlePromiseFromHandler (http://localhost:36047/__cypress/runner/cypress_runner.js:165351:31)\n    at Promise._settlePromise (http://localhost:36047/__cypress/runner/cypress_runner.js:165408:18)\n    at Promise._settlePromiseCtx (http://localhost:36047/__cypress/runner/cypress_runner.js:165445:10)\n    at Async../node_modules/bluebird/js/release/async.js.Async._drainQueue (http://localhost:36047/__cypress/runner/cypress_runner.js:162145:12)\n    at Async../node_modules/bluebird/js/release/async.js.Async._drainQueues (http://localhost:36047/__cypress/runner/cypress_runner.js:162150:10)\n    at Async.drainQueues (http://localhost:36047/__cypress/runner/cypress_runner.js:162024:14)",
                "diff": ""
              },
              "uuid": "dd689ca8-9228-4a05-b022-1dcac26ff96a",
              "parentUUID": "031b01f7-5d33-45ab-9126-1e4604591d5c",
              "isHook": false,
              "skipped": false
            },
            {
              "title": "Verifica se a cor preta ainda está presente e é a primeira na sua paleta de cores",
              "fullTitle": "12 - Faça com que as cores da paleta sejam geradas aleatoriamente ao carregar a página. Verifica se a cor preta ainda está presente e é a primeira na sua paleta de cores",
              "timedOut": null,
              "duration": 459,
              "state": "failed",
              "speed": null,
              "pass": false,
              "fail": true,
              "pending": false,
              "context": null,
              "code": "cy.get('.color').then(function (colors) {\n  var currentColors;\n  var previousColors;\n  previousColors = Array.from(colors).map(function (color) {\n    return Cypress.$(color).css('background-color');\n  });\n  expect(previousColors[0]).to.eq(BLACK);\n  for (var i = 0; i < 5; i += 1) {\n    cy.reload();\n    cy.get('.color').then(function (colors) {\n      currentColors = Array.from(colors).map(function (color) {\n        return Cypress.$(color).css('background-color');\n      });\n      expect(currentColors[0]).to.eq(BLACK);\n      expect(currentColors).not.to.deep.equal(previousColors);\n      previousColors = currentColors;\n    });\n  }\n});",
              "err": {
                "message": "AssertionError: expected [ Array(4) ] to not deeply equal [ Array(4) ]",
                "estack": "AssertionError: expected [ Array(4) ] to not deeply equal [ Array(4) ]\n    at getRet (http://localhost:36047/__cypress/runner/cypress_runner.js:136585:16)\n    at tryCatcher (http://localhost:36047/__cypress/runner/cypress_runner.js:167415:23)\n    at Function.Promise.attempt.Promise.try (http://localhost:36047/__cypress/runner/cypress_runner.js:164690:29)\n    at Context.thenFn (http://localhost:36047/__cypress/runner/cypress_runner.js:136599:23)\n    at Context.then (http://localhost:36047/__cypress/runner/cypress_runner.js:136971:21)\n    at Context.<anonymous> (http://localhost:36047/__cypress/runner/cypress_runner.js:148875:21)\n    at http://localhost:36047/__cypress/runner/cypress_runner.js:148351:33\n    at tryCatcher (http://localhost:36047/__cypress/runner/cypress_runner.js:167415:23)\n    at Promise._settlePromiseFromHandler (http://localhost:36047/__cypress/runner/cypress_runner.js:165351:31)\n    at Promise._settlePromise (http://localhost:36047/__cypress/runner/cypress_runner.js:165408:18)\n    at Promise._settlePromiseCtx (http://localhost:36047/__cypress/runner/cypress_runner.js:165445:10)\n    at Async../node_modules/bluebird/js/release/async.js.Async._drainQueue (http://localhost:36047/__cypress/runner/cypress_runner.js:162145:12)\n    at Async../node_modules/bluebird/js/release/async.js.Async._drainQueues (http://localhost:36047/__cypress/runner/cypress_runner.js:162150:10)\n    at Async.drainQueues (http://localhost:36047/__cypress/runner/cypress_runner.js:162024:14)",
                "diff": ""
              },
              "uuid": "84f07e67-7d0f-476b-b691-5172e1ebad28",
              "parentUUID": "031b01f7-5d33-45ab-9126-1e4604591d5c",
              "isHook": false,
              "skipped": false
            }
          ],
          "suites": [],
          "passes": [],
          "failures": [
            "dd689ca8-9228-4a05-b022-1dcac26ff96a",
            "84f07e67-7d0f-476b-b691-5172e1ebad28"
          ],
          "pending": [],
          "skipped": [],
          "duration": 1059,
          "root": false,
          "rootEmpty": false,
          "_timeout": 2000
        }
      ],
      "passes": [],
      "failures": [],
      "pending": [],
      "skipped": [],
      "duration": 0,
      "root": true,
      "rootEmpty": true,
      "_timeout": 2000
    }
  ],
  "meta": {
    "mocha": {
      "version": "7.0.1"
    },
    "mochawesome": {
      "options": {
        "quiet": false,
        "reportFilename": "mochawesome",
        "saveHtml": false,
        "saveJson": true,
        "consoleReporter": "spec",
        "useInlineDiffs": false
      },
      "version": "4.1.0"
    },
    "marge": {
      "options": {
        "id": "default",
        "reportDir": "cypress/reports",
        "overwrite": true,
        "html": false,
        "json": true
      },
      "version": "4.1.0"
    }
  }
}